<?xml version="1.0" encoding="UTF-8"?>
<!-- Generated by org.testng.reporters.JUnitReportReporter -->
<testsuite skipped="0" hostname="LAPTOP-IM85IN4O" name="Testng.NewTest2" tests="1" failures="0" timestamp="12 Apr 2020 15:55:10 GMT" time="5.900" errors="0">
  <testcase name="verifytitle1" time="5.900" classname="Testng.NewTest2"/>
</testsuite> <!-- Testng.NewTest2 -->
